\BOOKMARK [1][-]{section.1}{Introduction}{}% 1
\BOOKMARK [2][-]{subsection.1.1}{Static and dynamic optimal transport}{section.1}% 2
\BOOKMARK [2][-]{subsection.1.2}{Presentation of the model and contributions}{section.1}% 3
\BOOKMARK [2][-]{subsection.1.3}{Previous works and connections}{section.1}% 4
\BOOKMARK [2][-]{subsection.1.4}{Relation with new2015kondratyev}{section.1}% 5
\BOOKMARK [2][-]{subsection.1.5}{Notations and preliminaries}{section.1}% 6
\BOOKMARK [1][-]{section.2}{Definition and existence of geodesics}{}% 7
\BOOKMARK [2][-]{subsection.2.1}{Definition of the interpolating distance}{section.2}% 8
\BOOKMARK [2][-]{subsection.2.2}{Existence of geodesics}{section.2}% 9
\BOOKMARK [2][-]{subsection.2.3}{Sufficient optimality and uniqueness conditions}{section.2}% 10
\BOOKMARK [1][-]{section.3}{Interpolation properties}{}% 11
\BOOKMARK [2][-]{subsection.3.1}{Change of scale}{section.3}% 12
\BOOKMARK [2][-]{subsection.3.2}{Two variational problems on non-negative measures}{section.3}% 13
\BOOKMARK [2][-]{subsection.3.3}{Convergence of geodesics}{section.3}% 14
\BOOKMARK [1][-]{section.4}{Explicit geodesics}{}% 15
\BOOKMARK [2][-]{subsection.4.1}{No transport case: inflating and deflating measures}{section.4}% 16
\BOOKMARK [2][-]{subsection.4.2}{Transport of one Dirac measure to another}{section.4}% 17
\BOOKMARK [2][-]{subsection.4.3}{Transport of atomic measures}{section.4}% 18
\BOOKMARK [1][-]{section.5}{Numerical results}{}% 19
\BOOKMARK [2][-]{subsection.5.1}{Discretization}{section.5}% 20
\BOOKMARK [2][-]{subsection.5.2}{Minimization algorithm}{section.5}% 21
\BOOKMARK [2][-]{subsection.5.3}{Experiments}{section.5}% 22
