This is pdfTeX, Version 3.14159265-2.6-1.40.17 (TeX Live 2016) (preloaded format=pdflatex 2016.9.19)  20 JAN 2017 08:34
entering extended mode
 restricted \write18 enabled.
 file:line:error style messages enabled.
 %&-line parsing enabled.
**InterpolatingOTFR.tex
(./InterpolatingOTFR.tex
LaTeX2e <2016/03/31>
Babel <3.9r> and hyphenation patterns for 83 language(s) loaded.
(/usr/local/texlive/2016/texmf-dist/tex/latex/base/article.cls
Document Class: article 2014/09/29 v1.4h Standard LaTeX document class
(/usr/local/texlive/2016/texmf-dist/tex/latex/base/size11.clo
File: size11.clo 2014/09/29 v1.4h Standard LaTeX file (size option)
)
\c@part=\count79
\c@section=\count80
\c@subsection=\count81
\c@subsubsection=\count82
\c@paragraph=\count83
\c@subparagraph=\count84
\c@figure=\count85
\c@table=\count86
\abovecaptionskip=\skip41
\belowcaptionskip=\skip42
\bibindent=\dimen102
) (./mystyle.sty
(/usr/local/texlive/2016/texmf-dist/tex/latex/amsfonts/eucal.sty
Package: eucal 2009/06/22 v3.00 Euler Script fonts
LaTeX Font Info:    Overwriting math alphabet `\EuScript' in version `bold'
(Font)                  U/eus/m/n --> U/eus/b/n on input line 33.
)
(/usr/local/texlive/2016/texmf-dist/tex/latex/geometry/geometry.sty
Package: geometry 2010/09/12 v5.6 Page Geometry

(/usr/local/texlive/2016/texmf-dist/tex/latex/graphics/keyval.sty
Package: keyval 2014/10/28 v1.15 key=value parser (DPC)
\KV@toks@=\toks14
)
(/usr/local/texlive/2016/texmf-dist/tex/generic/oberdiek/ifpdf.sty
Package: ifpdf 2016/05/14 v3.1 Provides the ifpdf switch
)
(/usr/local/texlive/2016/texmf-dist/tex/generic/oberdiek/ifvtex.sty
Package: ifvtex 2016/05/16 v1.6 Detect VTeX and its facilities (HO)
Package ifvtex Info: VTeX not detected.
)
(/usr/local/texlive/2016/texmf-dist/tex/generic/ifxetex/ifxetex.sty
Package: ifxetex 2010/09/12 v0.6 Provides ifxetex conditional
)
\Gm@cnth=\count87
\Gm@cntv=\count88
\c@Gm@tempcnt=\count89
\Gm@bindingoffset=\dimen103
\Gm@wd@mp=\dimen104
\Gm@odd@mp=\dimen105
\Gm@even@mp=\dimen106
\Gm@layoutwidth=\dimen107
\Gm@layoutheight=\dimen108
\Gm@layouthoffset=\dimen109
\Gm@layoutvoffset=\dimen110
\Gm@dimlist=\toks15
)
(/usr/local/texlive/2016/texmf-dist/tex/latex/amsmath/amsmath.sty
Package: amsmath 2016/03/10 v2.15b AMS math features
\@mathmargin=\skip43

For additional information on amsmath, use the `?' option.
(/usr/local/texlive/2016/texmf-dist/tex/latex/amsmath/amstext.sty
Package: amstext 2000/06/29 v2.01 AMS text

(/usr/local/texlive/2016/texmf-dist/tex/latex/amsmath/amsgen.sty
File: amsgen.sty 1999/11/30 v2.0 generic functions
\@emptytoks=\toks16
\ex@=\dimen111
))
(/usr/local/texlive/2016/texmf-dist/tex/latex/amsmath/amsbsy.sty
Package: amsbsy 1999/11/29 v1.2d Bold Symbols
\pmbraise@=\dimen112
)
(/usr/local/texlive/2016/texmf-dist/tex/latex/amsmath/amsopn.sty
Package: amsopn 2016/03/08 v2.02 operator names
)
\inf@bad=\count90
LaTeX Info: Redefining \frac on input line 199.
\uproot@=\count91
\leftroot@=\count92
LaTeX Info: Redefining \overline on input line 297.
\classnum@=\count93
\DOTSCASE@=\count94
LaTeX Info: Redefining \ldots on input line 394.
LaTeX Info: Redefining \dots on input line 397.
LaTeX Info: Redefining \cdots on input line 518.
\Mathstrutbox@=\box26
\strutbox@=\box27
\big@size=\dimen113
LaTeX Font Info:    Redeclaring font encoding OML on input line 634.
LaTeX Font Info:    Redeclaring font encoding OMS on input line 635.
\macc@depth=\count95
\c@MaxMatrixCols=\count96
\dotsspace@=\muskip10
\c@parentequation=\count97
\dspbrk@lvl=\count98
\tag@help=\toks17
\row@=\count99
\column@=\count100
\maxfields@=\count101
\andhelp@=\toks18
\eqnshift@=\dimen114
\alignsep@=\dimen115
\tagshift@=\dimen116
\tagwidth@=\dimen117
\totwidth@=\dimen118
\lineht@=\dimen119
\@envbody=\toks19
\multlinegap=\skip44
\multlinetaggap=\skip45
\mathdisplay@stack=\toks20
LaTeX Info: Redefining \[ on input line 2739.
LaTeX Info: Redefining \] on input line 2740.
)
(/usr/local/texlive/2016/texmf-dist/tex/latex/amscls/amsthm.sty
Package: amsthm 2015/03/04 v2.20.2
\thm@style=\toks21
\thm@bodyfont=\toks22
\thm@headfont=\toks23
\thm@notefont=\toks24
\thm@headpunct=\toks25
\thm@preskip=\skip46
\thm@postskip=\skip47
\thm@headsep=\skip48
\dth@everypar=\toks26
)
(/usr/local/texlive/2016/texmf-dist/tex/latex/graphics/graphicx.sty
Package: graphicx 2014/10/28 v1.0g Enhanced LaTeX Graphics (DPC,SPQR)

(/usr/local/texlive/2016/texmf-dist/tex/latex/graphics/graphics.sty
Package: graphics 2016/05/09 v1.0r Standard LaTeX Graphics (DPC,SPQR)

(/usr/local/texlive/2016/texmf-dist/tex/latex/graphics/trig.sty
Package: trig 2016/01/03 v1.10 sin cos tan (DPC)
)
(/usr/local/texlive/2016/texmf-dist/tex/latex/graphics-cfg/graphics.cfg
File: graphics.cfg 2016/01/02 v1.10 sample graphics configuration
)
Package graphics Info: Driver file: pdftex.def on input line 96.

(/usr/local/texlive/2016/texmf-dist/tex/latex/pdftex-def/pdftex.def
File: pdftex.def 2011/05/27 v0.06d Graphics/color for pdfTeX

(/usr/local/texlive/2016/texmf-dist/tex/generic/oberdiek/infwarerr.sty
Package: infwarerr 2016/05/16 v1.4 Providing info/warning/error messages (HO)
)
(/usr/local/texlive/2016/texmf-dist/tex/generic/oberdiek/ltxcmds.sty
Package: ltxcmds 2016/05/16 v1.23 LaTeX kernel commands for general use (HO)
)
\Gread@gobject=\count102
))
\Gin@req@height=\dimen120
\Gin@req@width=\dimen121
)
(/usr/local/texlive/2016/texmf-dist/tex/latex/tools/enumerate.sty
Package: enumerate 2015/07/23 v3.00 enumerate extensions (DPC)
\@enLab=\toks27
)
(/usr/local/texlive/2016/texmf-dist/tex/latex/pgf/frontendlayer/tikz.sty
(/usr/local/texlive/2016/texmf-dist/tex/latex/pgf/basiclayer/pgf.sty
(/usr/local/texlive/2016/texmf-dist/tex/latex/pgf/utilities/pgfrcs.sty
(/usr/local/texlive/2016/texmf-dist/tex/generic/pgf/utilities/pgfutil-common.te
x
\pgfutil@everybye=\toks28
\pgfutil@tempdima=\dimen122
\pgfutil@tempdimb=\dimen123

(/usr/local/texlive/2016/texmf-dist/tex/generic/pgf/utilities/pgfutil-common-li
sts.tex))
(/usr/local/texlive/2016/texmf-dist/tex/generic/pgf/utilities/pgfutil-latex.def
\pgfutil@abb=\box28
(/usr/local/texlive/2016/texmf-dist/tex/latex/ms/everyshi.sty
Package: everyshi 2001/05/15 v3.00 EveryShipout Package (MS)
))
(/usr/local/texlive/2016/texmf-dist/tex/generic/pgf/utilities/pgfrcs.code.tex
Package: pgfrcs 2015/08/07 v3.0.1a (rcs-revision 1.31)
))
Package: pgf 2015/08/07 v3.0.1a (rcs-revision 1.15)
(/usr/local/texlive/2016/texmf-dist/tex/latex/pgf/basiclayer/pgfcore.sty
(/usr/local/texlive/2016/texmf-dist/tex/latex/pgf/systemlayer/pgfsys.sty
(/usr/local/texlive/2016/texmf-dist/tex/generic/pgf/systemlayer/pgfsys.code.tex
Package: pgfsys 2014/07/09 v3.0.1a (rcs-revision 1.48)
(/usr/local/texlive/2016/texmf-dist/tex/generic/pgf/utilities/pgfkeys.code.tex
\pgfkeys@pathtoks=\toks29
\pgfkeys@temptoks=\toks30

(/usr/local/texlive/2016/texmf-dist/tex/generic/pgf/utilities/pgfkeysfiltered.c
ode.tex
\pgfkeys@tmptoks=\toks31
))
\pgf@x=\dimen124
\pgf@y=\dimen125
\pgf@xa=\dimen126
\pgf@ya=\dimen127
\pgf@xb=\dimen128
\pgf@yb=\dimen129
\pgf@xc=\dimen130
\pgf@yc=\dimen131
\w@pgf@writea=\write3
\r@pgf@reada=\read1
\c@pgf@counta=\count103
\c@pgf@countb=\count104
\c@pgf@countc=\count105
\c@pgf@countd=\count106
\t@pgf@toka=\toks32
\t@pgf@tokb=\toks33
\t@pgf@tokc=\toks34

(/usr/local/texlive/2016/texmf-dist/tex/generic/pgf/systemlayer/pgf.cfg
File: pgf.cfg 2008/05/14  (rcs-revision 1.7)
)
Driver file for pgf: pgfsys-pdftex.def

(/usr/local/texlive/2016/texmf-dist/tex/generic/pgf/systemlayer/pgfsys-pdftex.d
ef
File: pgfsys-pdftex.def 2014/10/11  (rcs-revision 1.35)

(/usr/local/texlive/2016/texmf-dist/tex/generic/pgf/systemlayer/pgfsys-common-p
df.def
File: pgfsys-common-pdf.def 2013/10/10  (rcs-revision 1.13)
)))
(/usr/local/texlive/2016/texmf-dist/tex/generic/pgf/systemlayer/pgfsyssoftpath.
code.tex
File: pgfsyssoftpath.code.tex 2013/09/09  (rcs-revision 1.9)
\pgfsyssoftpath@smallbuffer@items=\count107
\pgfsyssoftpath@bigbuffer@items=\count108
)
(/usr/local/texlive/2016/texmf-dist/tex/generic/pgf/systemlayer/pgfsysprotocol.
code.tex
File: pgfsysprotocol.code.tex 2006/10/16  (rcs-revision 1.4)
)) (/usr/local/texlive/2016/texmf-dist/tex/latex/xcolor/xcolor.sty
Package: xcolor 2016/05/11 v2.12 LaTeX color extensions (UK)

(/usr/local/texlive/2016/texmf-dist/tex/latex/graphics-cfg/color.cfg
File: color.cfg 2016/01/02 v1.6 sample color configuration
)
Package xcolor Info: Driver file: pdftex.def on input line 225.
Package xcolor Info: Model `cmy' substituted by `cmy0' on input line 1348.
Package xcolor Info: Model `hsb' substituted by `rgb' on input line 1352.
Package xcolor Info: Model `RGB' extended on input line 1364.
Package xcolor Info: Model `HTML' substituted by `rgb' on input line 1366.
Package xcolor Info: Model `Hsb' substituted by `hsb' on input line 1367.
Package xcolor Info: Model `tHsb' substituted by `hsb' on input line 1368.
Package xcolor Info: Model `HSB' substituted by `hsb' on input line 1369.
Package xcolor Info: Model `Gray' substituted by `gray' on input line 1370.
Package xcolor Info: Model `wave' substituted by `hsb' on input line 1371.
)
(/usr/local/texlive/2016/texmf-dist/tex/generic/pgf/basiclayer/pgfcore.code.tex
Package: pgfcore 2010/04/11 v3.0.1a (rcs-revision 1.7)
(/usr/local/texlive/2016/texmf-dist/tex/generic/pgf/math/pgfmath.code.tex
(/usr/local/texlive/2016/texmf-dist/tex/generic/pgf/math/pgfmathcalc.code.tex
(/usr/local/texlive/2016/texmf-dist/tex/generic/pgf/math/pgfmathutil.code.tex)
(/usr/local/texlive/2016/texmf-dist/tex/generic/pgf/math/pgfmathparser.code.tex
\pgfmath@dimen=\dimen132
\pgfmath@count=\count109
\pgfmath@box=\box29
\pgfmath@toks=\toks35
\pgfmath@stack@operand=\toks36
\pgfmath@stack@operation=\toks37
)
(/usr/local/texlive/2016/texmf-dist/tex/generic/pgf/math/pgfmathfunctions.code.
tex
(/usr/local/texlive/2016/texmf-dist/tex/generic/pgf/math/pgfmathfunctions.basic
.code.tex)
(/usr/local/texlive/2016/texmf-dist/tex/generic/pgf/math/pgfmathfunctions.trigo
nometric.code.tex)
(/usr/local/texlive/2016/texmf-dist/tex/generic/pgf/math/pgfmathfunctions.rando
m.code.tex)
(/usr/local/texlive/2016/texmf-dist/tex/generic/pgf/math/pgfmathfunctions.compa
rison.code.tex)
(/usr/local/texlive/2016/texmf-dist/tex/generic/pgf/math/pgfmathfunctions.base.
code.tex)
(/usr/local/texlive/2016/texmf-dist/tex/generic/pgf/math/pgfmathfunctions.round
.code.tex)
(/usr/local/texlive/2016/texmf-dist/tex/generic/pgf/math/pgfmathfunctions.misc.
code.tex)
(/usr/local/texlive/2016/texmf-dist/tex/generic/pgf/math/pgfmathfunctions.integ
erarithmetics.code.tex)))
(/usr/local/texlive/2016/texmf-dist/tex/generic/pgf/math/pgfmathfloat.code.tex
\c@pgfmathroundto@lastzeros=\count110
))
(/usr/local/texlive/2016/texmf-dist/tex/generic/pgf/basiclayer/pgfcorepoints.co
de.tex
File: pgfcorepoints.code.tex 2013/10/07  (rcs-revision 1.27)
\pgf@picminx=\dimen133
\pgf@picmaxx=\dimen134
\pgf@picminy=\dimen135
\pgf@picmaxy=\dimen136
\pgf@pathminx=\dimen137
\pgf@pathmaxx=\dimen138
\pgf@pathminy=\dimen139
\pgf@pathmaxy=\dimen140
\pgf@xx=\dimen141
\pgf@xy=\dimen142
\pgf@yx=\dimen143
\pgf@yy=\dimen144
\pgf@zx=\dimen145
\pgf@zy=\dimen146
)
(/usr/local/texlive/2016/texmf-dist/tex/generic/pgf/basiclayer/pgfcorepathconst
ruct.code.tex
File: pgfcorepathconstruct.code.tex 2013/10/07  (rcs-revision 1.29)
\pgf@path@lastx=\dimen147
\pgf@path@lasty=\dimen148
)
(/usr/local/texlive/2016/texmf-dist/tex/generic/pgf/basiclayer/pgfcorepathusage
.code.tex
File: pgfcorepathusage.code.tex 2014/11/02  (rcs-revision 1.24)
\pgf@shorten@end@additional=\dimen149
\pgf@shorten@start@additional=\dimen150
)
(/usr/local/texlive/2016/texmf-dist/tex/generic/pgf/basiclayer/pgfcorescopes.co
de.tex
File: pgfcorescopes.code.tex 2015/05/08  (rcs-revision 1.46)
\pgfpic=\box30
\pgf@hbox=\box31
\pgf@layerbox@main=\box32
\pgf@picture@serial@count=\count111
)
(/usr/local/texlive/2016/texmf-dist/tex/generic/pgf/basiclayer/pgfcoregraphicst
ate.code.tex
File: pgfcoregraphicstate.code.tex 2014/11/02  (rcs-revision 1.12)
\pgflinewidth=\dimen151
)
(/usr/local/texlive/2016/texmf-dist/tex/generic/pgf/basiclayer/pgfcoretransform
ations.code.tex
File: pgfcoretransformations.code.tex 2015/08/07  (rcs-revision 1.20)
\pgf@pt@x=\dimen152
\pgf@pt@y=\dimen153
\pgf@pt@temp=\dimen154
)
(/usr/local/texlive/2016/texmf-dist/tex/generic/pgf/basiclayer/pgfcorequick.cod
e.tex
File: pgfcorequick.code.tex 2008/10/09  (rcs-revision 1.3)
)
(/usr/local/texlive/2016/texmf-dist/tex/generic/pgf/basiclayer/pgfcoreobjects.c
ode.tex
File: pgfcoreobjects.code.tex 2006/10/11  (rcs-revision 1.2)
)
(/usr/local/texlive/2016/texmf-dist/tex/generic/pgf/basiclayer/pgfcorepathproce
ssing.code.tex
File: pgfcorepathprocessing.code.tex 2013/09/09  (rcs-revision 1.9)
)
(/usr/local/texlive/2016/texmf-dist/tex/generic/pgf/basiclayer/pgfcorearrows.co
de.tex
File: pgfcorearrows.code.tex 2015/05/14  (rcs-revision 1.43)
\pgfarrowsep=\dimen155
)
(/usr/local/texlive/2016/texmf-dist/tex/generic/pgf/basiclayer/pgfcoreshade.cod
e.tex
File: pgfcoreshade.code.tex 2013/07/15  (rcs-revision 1.15)
\pgf@max=\dimen156
\pgf@sys@shading@range@num=\count112
)
(/usr/local/texlive/2016/texmf-dist/tex/generic/pgf/basiclayer/pgfcoreimage.cod
e.tex
File: pgfcoreimage.code.tex 2013/07/15  (rcs-revision 1.18)

(/usr/local/texlive/2016/texmf-dist/tex/generic/pgf/basiclayer/pgfcoreexternal.
code.tex
File: pgfcoreexternal.code.tex 2014/07/09  (rcs-revision 1.21)
\pgfexternal@startupbox=\box33
))
(/usr/local/texlive/2016/texmf-dist/tex/generic/pgf/basiclayer/pgfcorelayers.co
de.tex
File: pgfcorelayers.code.tex 2013/07/18  (rcs-revision 1.7)
)
(/usr/local/texlive/2016/texmf-dist/tex/generic/pgf/basiclayer/pgfcoretranspare
ncy.code.tex
File: pgfcoretransparency.code.tex 2013/09/30  (rcs-revision 1.5)
)
(/usr/local/texlive/2016/texmf-dist/tex/generic/pgf/basiclayer/pgfcorepatterns.
code.tex
File: pgfcorepatterns.code.tex 2013/11/07  (rcs-revision 1.5)
)))
(/usr/local/texlive/2016/texmf-dist/tex/generic/pgf/modules/pgfmoduleshapes.cod
e.tex
File: pgfmoduleshapes.code.tex 2014/03/21  (rcs-revision 1.35)
\pgfnodeparttextbox=\box34
)
(/usr/local/texlive/2016/texmf-dist/tex/generic/pgf/modules/pgfmoduleplot.code.
tex
File: pgfmoduleplot.code.tex 2015/08/03  (rcs-revision 1.13)
)
(/usr/local/texlive/2016/texmf-dist/tex/latex/pgf/compatibility/pgfcomp-version
-0-65.sty
Package: pgfcomp-version-0-65 2007/07/03 v3.0.1a (rcs-revision 1.7)
\pgf@nodesepstart=\dimen157
\pgf@nodesepend=\dimen158
)
(/usr/local/texlive/2016/texmf-dist/tex/latex/pgf/compatibility/pgfcomp-version
-1-18.sty
Package: pgfcomp-version-1-18 2007/07/23 v3.0.1a (rcs-revision 1.1)
))
(/usr/local/texlive/2016/texmf-dist/tex/latex/pgf/utilities/pgffor.sty
(/usr/local/texlive/2016/texmf-dist/tex/latex/pgf/utilities/pgfkeys.sty
(/usr/local/texlive/2016/texmf-dist/tex/generic/pgf/utilities/pgfkeys.code.tex)
) (/usr/local/texlive/2016/texmf-dist/tex/latex/pgf/math/pgfmath.sty
(/usr/local/texlive/2016/texmf-dist/tex/generic/pgf/math/pgfmath.code.tex))
(/usr/local/texlive/2016/texmf-dist/tex/generic/pgf/utilities/pgffor.code.tex
Package: pgffor 2013/12/13 v3.0.1a (rcs-revision 1.25)

(/usr/local/texlive/2016/texmf-dist/tex/generic/pgf/math/pgfmath.code.tex)
\pgffor@iter=\dimen159
\pgffor@skip=\dimen160
\pgffor@stack=\toks38
\pgffor@toks=\toks39
))
(/usr/local/texlive/2016/texmf-dist/tex/generic/pgf/frontendlayer/tikz/tikz.cod
e.tex
Package: tikz 2015/08/07 v3.0.1a (rcs-revision 1.151)

(/usr/local/texlive/2016/texmf-dist/tex/generic/pgf/libraries/pgflibraryplothan
dlers.code.tex
File: pgflibraryplothandlers.code.tex 2013/08/31 v3.0.1a (rcs-revision 1.20)
\pgf@plot@mark@count=\count113
\pgfplotmarksize=\dimen161
)
\tikz@lastx=\dimen162
\tikz@lasty=\dimen163
\tikz@lastxsaved=\dimen164
\tikz@lastysaved=\dimen165
\tikzleveldistance=\dimen166
\tikzsiblingdistance=\dimen167
\tikz@figbox=\box35
\tikz@figbox@bg=\box36
\tikz@tempbox=\box37
\tikz@tempbox@bg=\box38
\tikztreelevel=\count114
\tikznumberofchildren=\count115
\tikznumberofcurrentchild=\count116
\tikz@fig@count=\count117

(/usr/local/texlive/2016/texmf-dist/tex/generic/pgf/modules/pgfmodulematrix.cod
e.tex
File: pgfmodulematrix.code.tex 2013/09/17  (rcs-revision 1.8)
\pgfmatrixcurrentrow=\count118
\pgfmatrixcurrentcolumn=\count119
\pgf@matrix@numberofcolumns=\count120
)
\tikz@expandcount=\count121

(/usr/local/texlive/2016/texmf-dist/tex/generic/pgf/frontendlayer/tikz/librarie
s/tikzlibrarytopaths.code.tex
File: tikzlibrarytopaths.code.tex 2008/06/17 v3.0.1a (rcs-revision 1.2)
))) (./theoremref.sty
Package: theoremref 2013/05/22 References with automatic theorem names
\thmref@num=\count122
)
(/usr/local/texlive/2016/texmf-dist/tex/latex/hyperref/hyperref.sty
Package: hyperref 2016/05/05 v6.83n Hypertext links for LaTeX

(/usr/local/texlive/2016/texmf-dist/tex/generic/oberdiek/hobsub-hyperref.sty
Package: hobsub-hyperref 2016/05/16 v1.14 Bundle oberdiek, subset hyperref (HO)


(/usr/local/texlive/2016/texmf-dist/tex/generic/oberdiek/hobsub-generic.sty
Package: hobsub-generic 2016/05/16 v1.14 Bundle oberdiek, subset generic (HO)
Package: hobsub 2016/05/16 v1.14 Construct package bundles (HO)
Package hobsub Info: Skipping package `infwarerr' (already loaded).
Package hobsub Info: Skipping package `ltxcmds' (already loaded).
Package: ifluatex 2016/05/16 v1.4 Provides the ifluatex switch (HO)
Package ifluatex Info: LuaTeX not detected.
Package hobsub Info: Skipping package `ifvtex' (already loaded).
Package: intcalc 2016/05/16 v1.2 Expandable calculations with integers (HO)
Package hobsub Info: Skipping package `ifpdf' (already loaded).
Package: etexcmds 2016/05/16 v1.6 Avoid name clashes with e-TeX commands (HO)
Package etexcmds Info: Could not find \expanded.
(etexcmds)             That can mean that you are not using pdfTeX 1.50 or
(etexcmds)             that some package has redefined \expanded.
(etexcmds)             In the latter case, load this package earlier.
Package: kvsetkeys 2016/05/16 v1.17 Key value parser (HO)
Package: kvdefinekeys 2016/05/16 v1.4 Define keys (HO)
Package: pdftexcmds 2016/05/10 v0.21 Utility functions of pdfTeX for LuaTeX (HO
)
Package pdftexcmds Info: LuaTeX not detected.
Package pdftexcmds Info: \pdf@primitive is available.
Package pdftexcmds Info: \pdf@ifprimitive is available.
Package pdftexcmds Info: \pdfdraftmode found.
Package: pdfescape 2016/05/16 v1.14 Implements pdfTeX's escape features (HO)
Package: bigintcalc 2016/05/16 v1.4 Expandable calculations on big integers (HO
)
Package: bitset 2016/05/16 v1.2 Handle bit-vector datatype (HO)
Package: uniquecounter 2016/05/16 v1.3 Provide unlimited unique counter (HO)
)
Package hobsub Info: Skipping package `hobsub' (already loaded).
Package: letltxmacro 2016/05/16 v1.5 Let assignment for LaTeX macros (HO)
Package: hopatch 2016/05/16 v1.3 Wrapper for package hooks (HO)
Package: xcolor-patch 2016/05/16 xcolor patch
Package: atveryend 2016/05/16 v1.9 Hooks at the very end of document (HO)
Package atveryend Info: \enddocument detected (standard20110627).
Package: atbegshi 2016/05/16 v1.17 At begin shipout hook (HO)
Package: refcount 2016/05/16 v3.5 Data extraction from label references (HO)
Package: hycolor 2016/05/16 v1.8 Color options for hyperref/bookmark (HO)
)
(/usr/local/texlive/2016/texmf-dist/tex/latex/oberdiek/auxhook.sty
Package: auxhook 2016/05/16 v1.4 Hooks for auxiliary files (HO)
)
(/usr/local/texlive/2016/texmf-dist/tex/latex/oberdiek/kvoptions.sty
Package: kvoptions 2016/05/16 v3.12 Key value format for package options (HO)
)
\@linkdim=\dimen168
\Hy@linkcounter=\count123
\Hy@pagecounter=\count124

(/usr/local/texlive/2016/texmf-dist/tex/latex/hyperref/pd1enc.def
File: pd1enc.def 2016/05/05 v6.83n Hyperref: PDFDocEncoding definition (HO)
)
\Hy@SavedSpaceFactor=\count125

(/usr/local/texlive/2016/texmf-dist/tex/latex/latexconfig/hyperref.cfg
File: hyperref.cfg 2002/06/06 v1.2 hyperref configuration of TeXLive
)
Package hyperref Info: Hyper figures OFF on input line 4446.
Package hyperref Info: Link nesting OFF on input line 4451.
Package hyperref Info: Hyper index ON on input line 4454.
Package hyperref Info: Plain pages OFF on input line 4461.
Package hyperref Info: Backreferencing OFF on input line 4466.
Package hyperref Info: Implicit mode ON; LaTeX internals redefined.
Package hyperref Info: Bookmarks ON on input line 4691.
\c@Hy@tempcnt=\count126

(/usr/local/texlive/2016/texmf-dist/tex/latex/url/url.sty
\Urlmuskip=\muskip11
Package: url 2013/09/16  ver 3.4  Verb mode for urls, etc.
)
LaTeX Info: Redefining \url on input line 5044.
\XeTeXLinkMargin=\dimen169
\Fld@menulength=\count127
\Field@Width=\dimen170
\Fld@charsize=\dimen171
Package hyperref Info: Hyper figures OFF on input line 6298.
Package hyperref Info: Link nesting OFF on input line 6303.
Package hyperref Info: Hyper index ON on input line 6306.
Package hyperref Info: backreferencing OFF on input line 6313.
Package hyperref Info: Link coloring OFF on input line 6318.
Package hyperref Info: Link coloring with OCG OFF on input line 6323.
Package hyperref Info: PDF/A mode OFF on input line 6328.
LaTeX Info: Redefining \ref on input line 6368.
LaTeX Info: Redefining \pageref on input line 6372.
\Hy@abspage=\count128
\c@Item=\count129
\c@Hfootnote=\count130
)

Package hyperref Message: Driver (autodetected): hpdftex.

(/usr/local/texlive/2016/texmf-dist/tex/latex/hyperref/hpdftex.def
File: hpdftex.def 2016/05/05 v6.83n Hyperref driver for pdfTeX
\Fld@listcount=\count131
\c@bookmark@seq@number=\count132

(/usr/local/texlive/2016/texmf-dist/tex/latex/oberdiek/rerunfilecheck.sty
Package: rerunfilecheck 2016/05/16 v1.8 Rerun checks for auxiliary files (HO)
Package uniquecounter Info: New unique counter `rerunfilecheck' on input line 2
82.
)
\Hy@SectionHShift=\skip49
)
Package hyperref Info: Option `colorlinks' set `true' on input line 23.

(/usr/local/texlive/2016/texmf-dist/tex/latex/caption/caption.sty
Package: caption 2016/02/21 v3.3-144 Customizing captions (AR)

(/usr/local/texlive/2016/texmf-dist/tex/latex/caption/caption3.sty
Package: caption3 2016/02/04 v1.7-139 caption3 kernel (AR)
Package caption3 Info: TeX engine: e-TeX on input line 67.
\captionmargin=\dimen172
\captionmargin@=\dimen173
\captionwidth=\dimen174
\caption@tempdima=\dimen175
\caption@indent=\dimen176
\caption@parindent=\dimen177
\caption@hangindent=\dimen178
)
\c@ContinuedFloat=\count133
Package caption Info: hyperref package is loaded.
)
(/usr/local/texlive/2016/texmf-dist/tex/latex/caption/subcaption.sty
Package: subcaption 2016/02/20 v1.1-142 Sub-captions (AR)
\c@subfigure=\count134
\c@subtable=\count135
)
(/usr/local/texlive/2016/texmf-dist/tex/latex/amsfonts/amssymb.sty
Package: amssymb 2013/01/14 v3.01 AMS font symbols

(/usr/local/texlive/2016/texmf-dist/tex/latex/amsfonts/amsfonts.sty
Package: amsfonts 2013/01/14 v3.01 Basic AMSFonts support
\symAMSa=\mathgroup4
\symAMSb=\mathgroup5
LaTeX Font Info:    Overwriting math alphabet `\mathfrak' in version `bold'
(Font)                  U/euf/m/n --> U/euf/b/n on input line 106.
))
(/usr/local/texlive/2016/texmf-dist/tex/latex/framed/framed.sty
Package: framed 2011/10/22 v 0.96: framed or shaded text with page breaks
\OuterFrameSep=\skip50
\fb@frw=\dimen179
\fb@frh=\dimen180
\FrameRule=\dimen181
\FrameSep=\dimen182
)
(/usr/local/texlive/2016/texmf-dist/tex/latex/jknapltx/mathrsfs.sty
Package: mathrsfs 1996/01/01 Math RSFS package v1.0 (jk)
\symrsfs=\mathgroup6
)
(/usr/local/texlive/2016/texmf-dist/tex/generic/xypic/xy.sty
(/usr/local/texlive/2016/texmf-dist/tex/generic/xypic/xy.tex Bootstrap'ing:
catcodes, docmode,
(/usr/local/texlive/2016/texmf-dist/tex/generic/xypic/xyrecat.tex)
(/usr/local/texlive/2016/texmf-dist/tex/generic/xypic/xyidioms.tex)

 Xy-pic version 3.8.9 <2013/10/06>
 Copyright (c) 1991-2013 by Kristoffer H. Rose <krisrose@tug.org> and others
 Xy-pic is free software: see the User's Guide for details.

Loading kernel: messages; fonts; allocations: state,
\X@c=\dimen183
\Y@c=\dimen184
\U@c=\dimen185
\D@c=\dimen186
\L@c=\dimen187
\R@c=\dimen188
\Edge@c=\toks40
\X@p=\dimen189
\Y@p=\dimen190
\U@p=\dimen191
\D@p=\dimen192
\L@p=\dimen193
\R@p=\dimen194
\Edge@p=\toks41
\X@origin=\dimen195
\Y@origin=\dimen196
\X@xbase=\dimen197
\Y@xbase=\dimen198
\X@ybase=\dimen199
\Y@ybase=\dimen256
\X@min=\dimen257
\Y@min=\dimen258
\X@max=\dimen259
\Y@max=\dimen260
\lastobjectbox@=\box39
\zerodotbox@=\box40
\almostz@=\dimen261
 direction,
\d@X=\dimen262
\d@Y=\dimen263
\K@=\count136
\KK@=\count137
\Direction=\count138
\K@dXdY=\dimen264
\K@dYdX=\dimen265
\xyread@=\read2
\xywrite@=\write4
\csp@=\count139
\quotPTK@=\dimen266

utility macros; pictures: \xy, positions,
\swaptoks@@=\toks42
\connectobjectbox@@=\box41
 objects,
\styletoks@=\toks43
 decorations;
kernel objects: directionals, circles, text; options; algorithms: directions,
edges, connections;  Xy-pic loaded)
Package: xy 2013/10/06 Xy-pic version 3.8.9

(/usr/local/texlive/2016/texmf-dist/tex/generic/xypic/xyall.tex
 Xy-pic option: All features v.3.8
(/usr/local/texlive/2016/texmf-dist/tex/generic/xypic/xycurve.tex
 Xy-pic option: Curve and Spline extension v.3.12 curve,
\crv@cnt@=\count140
\crvpts@=\toks44
\splinebox@=\box42
\splineval@=\dimen267
\splinedepth@=\dimen268
\splinetol@=\dimen269
\splinelength@=\dimen270
 circles,
\L@=\dimen271
 loaded)
(/usr/local/texlive/2016/texmf-dist/tex/generic/xypic/xyframe.tex
 Xy-pic option: Frame and Bracket extension v.3.14 loaded)
(/usr/local/texlive/2016/texmf-dist/tex/generic/xypic/xycmtip.tex
 Xy-pic option: Computer Modern tip extension v.3.7
(/usr/local/texlive/2016/texmf-dist/tex/generic/xypic/xytips.tex
 Xy-pic option: More Tips extension v.3.11 loaded) loaded)
(/usr/local/texlive/2016/texmf-dist/tex/generic/xypic/xyline.tex
 Xy-pic option: Line styles extension v.3.10
\xylinethick@=\dimen272
 loaded)
(/usr/local/texlive/2016/texmf-dist/tex/generic/xypic/xyrotate.tex
 Xy-pic option: Rotate and Scale extension v.3.8 loaded)
(/usr/local/texlive/2016/texmf-dist/tex/generic/xypic/xycolor.tex
 Xy-pic option: Colour extension v.3.11 loaded)
(/usr/local/texlive/2016/texmf-dist/tex/generic/xypic/xymatrix.tex
 Xy-pic option: Matrix feature v.3.14
\Row=\count141
\Col=\count142
\queue@=\toks45
\queue@@=\toks46
\qcount@=\count143
\qcount@@=\count144
\matrixsize@=\count145
 loaded)
(/usr/local/texlive/2016/texmf-dist/tex/generic/xypic/xyarrow.tex
 Xy-pic option: Arrow and Path feature v.3.9 path, \ar, loaded)
(/usr/local/texlive/2016/texmf-dist/tex/generic/xypic/xygraph.tex
 Xy-pic option: Graph feature v.3.11 loaded) loaded)
(/usr/local/texlive/2016/texmf-dist/tex/generic/xypic/xypdf.tex
 Xy-pic option: PDF driver v.1.7 Xy-pic pdf driver: `color' extension support
(/usr/local/texlive/2016/texmf-dist/tex/generic/xypic/xypdf-co.tex loaded)
Xy-pic pdf driver: `curve' extension support
(/usr/local/texlive/2016/texmf-dist/tex/generic/xypic/xypdf-cu.tex loaded)
Xy-pic pdf driver: `frame' extension support
(/usr/local/texlive/2016/texmf-dist/tex/generic/xypic/xypdf-fr.tex loaded)
Xy-pic pdf driver: `line' extension support
(/usr/local/texlive/2016/texmf-dist/tex/generic/xypic/xypdf-li.tex loaded)
Xy-pic pdf driver: `rotate' extension support
(/usr/local/texlive/2016/texmf-dist/tex/generic/xypic/xypdf-ro.tex loaded)
loaded)) (/usr/local/texlive/2016/texmf-dist/tex/latex/tools/bm.sty
Package: bm 2016/02/27 v1.2a Bold Symbol Support (DPC/FMi)
\symboldoperators=\mathgroup7
\symboldletters=\mathgroup8
\symboldsymbols=\mathgroup9
LaTeX Font Info:    Redeclaring math alphabet \mathbf on input line 142.
LaTeX Info: Redefining \bm on input line 208.
)
(/usr/local/texlive/2016/texmf-dist/tex/latex/picinpar/picinpar.sty
Pictures in Paragraphs. Version 1.2a, July 13, 1993
\br=\count146
\bl=\count147
\na=\count148
\nb=\count149
\tcdsav=\count150
\tcl=\count151
\tcd=\count152
\tcn=\count153
\cumtcl=\count154
\cumpartcl=\count155
\lftside=\dimen273
\rtside=\dimen274
\hpic=\dimen275
\vpic=\dimen276
\strutilg=\dimen277
\picwd=\dimen278
\topheight=\dimen279
\ilg=\dimen280
\lpic=\dimen281
\lwindowsep=\dimen282
\rwindowsep=\dimen283
\cumpar=\dimen284
\twa=\toks47
\la=\toks48
\ra=\toks49
\ha=\toks50
\pictoc=\toks51
\rawtext=\box43
\holder=\box44
\windowbox=\box45
\wartext=\box46
\finaltext=\box47
\aslice=\box48
\bslice=\box49
\wbox=\box50
\wstrutbox=\box51
\picbox=\box52
\waslice=\box53
\wbslice=\box54
\fslice=\box55
) (/usr/local/texlive/2016/texmf-dist/tex/latex/base/fontenc.sty
Package: fontenc 2005/09/27 v1.99g Standard LaTeX package

(/usr/local/texlive/2016/texmf-dist/tex/latex/base/t1enc.def
File: t1enc.def 2005/09/27 v1.99g Standard LaTeX file
LaTeX Font Info:    Redeclaring font encoding T1 on input line 48.
))
(/usr/local/texlive/2016/texmf-dist/tex/generic/babel/babel.sty
Package: babel 2016/04/23 3.9r The Babel package

(/usr/local/texlive/2016/texmf-dist/tex/generic/babel-english/english.ldf
Language: english 2012/08/20 v3.3p English support from the babel system

(/usr/local/texlive/2016/texmf-dist/tex/generic/babel/babel.def
File: babel.def 2016/04/23 3.9r Babel common definitions
\babel@savecnt=\count156
\U@D=\dimen285
)
\l@canadian = a dialect from \language\l@american 
\l@australian = a dialect from \language\l@british 
\l@newzealand = a dialect from \language\l@british 
))
(/usr/local/texlive/2016/texmf-dist/tex/latex/cases/cases.sty
Package: cases 2002/05/02 ver 2.5 
)
\c@theorem=\count157
\c@proposition=\count158
\c@lemma=\count159
\c@corollary=\count160
\c@definition=\count161
\c@example=\count162
)
(./InterpolatingOTFR.aux)
\openout1 = `InterpolatingOTFR.aux'.

LaTeX Font Info:    Checking defaults for OML/cmm/m/it on input line 31.
LaTeX Font Info:    ... okay on input line 31.
LaTeX Font Info:    Checking defaults for T1/cmr/m/n on input line 31.
LaTeX Font Info:    ... okay on input line 31.
LaTeX Font Info:    Checking defaults for OT1/cmr/m/n on input line 31.
LaTeX Font Info:    ... okay on input line 31.
LaTeX Font Info:    Checking defaults for OMS/cmsy/m/n on input line 31.
LaTeX Font Info:    ... okay on input line 31.
LaTeX Font Info:    Checking defaults for OMX/cmex/m/n on input line 31.
LaTeX Font Info:    ... okay on input line 31.
LaTeX Font Info:    Checking defaults for U/cmr/m/n on input line 31.
LaTeX Font Info:    ... okay on input line 31.
LaTeX Font Info:    Checking defaults for PD1/pdf/m/n on input line 31.
LaTeX Font Info:    ... okay on input line 31.

*geometry* driver: auto-detecting
*geometry* detected driver: pdftex
*geometry* verbose mode - [ preamble ] result:
* driver: pdftex
* paper: a4paper
* layout: <same size as paper>
* layoutoffset:(h,v)=(0.0pt,0.0pt)
* modes: 
* h-part:(L,W,R)=(108.405pt, 380.69788pt, 108.405pt)
* v-part:(T,H,B)=(108.405pt, 628.23685pt, 108.405pt)
* \paperwidth=597.50787pt
* \paperheight=845.04684pt
* \textwidth=380.69788pt
* \textheight=628.23685pt
* \oddsidemargin=36.13501pt
* \evensidemargin=36.13501pt
* \topmargin=-0.86499pt
* \headheight=12.0pt
* \headsep=25.0pt
* \topskip=11.0pt
* \footskip=30.0pt
* \marginparwidth=59.0pt
* \marginparsep=10.0pt
* \columnsep=10.0pt
* \skip\footins=10.0pt plus 4.0pt minus 2.0pt
* \hoffset=0.0pt
* \voffset=0.0pt
* \mag=1000
* \@twocolumnfalse
* \@twosidefalse
* \@mparswitchfalse
* \@reversemarginfalse
* (1in=72.27pt=25.4mm, 1cm=28.453pt)

(/usr/local/texlive/2016/texmf-dist/tex/context/base/mkii/supp-pdf.mkii
[Loading MPS to PDF converter (version 2006.09.02).]
\scratchcounter=\count163
\scratchdimen=\dimen286
\scratchbox=\box56
\nofMPsegments=\count164
\nofMParguments=\count165
\everyMPshowfont=\toks52
\MPscratchCnt=\count166
\MPscratchDim=\dimen287
\MPnumerator=\count167
\makeMPintoPDFobject=\count168
\everyMPtoPDFconversion=\toks53
) (/usr/local/texlive/2016/texmf-dist/tex/latex/oberdiek/epstopdf-base.sty
Package: epstopdf-base 2016/05/15 v2.6 Base part for package epstopdf

(/usr/local/texlive/2016/texmf-dist/tex/latex/oberdiek/grfext.sty
Package: grfext 2016/05/16 v1.2 Manage graphics extensions (HO)
)
Package grfext Info: Graphics extension search list:
(grfext)             [.png,.pdf,.jpg,.mps,.jpeg,.jbig2,.jb2,.PNG,.PDF,.JPG,.JPE
G,.JBIG2,.JB2,.eps]
(grfext)             \AppendGraphicsExtensions on input line 456.

(/usr/local/texlive/2016/texmf-dist/tex/latex/latexconfig/epstopdf-sys.cfg
File: epstopdf-sys.cfg 2010/07/13 v1.3 Configuration of (r)epstopdf for TeX Liv
e
))
ABD: EveryShipout initializing macros
\AtBeginShipoutBox=\box57
Package hyperref Info: Link coloring ON on input line 31.

(/usr/local/texlive/2016/texmf-dist/tex/latex/hyperref/nameref.sty
Package: nameref 2012/10/27 v2.43 Cross-referencing by name of section

(/usr/local/texlive/2016/texmf-dist/tex/generic/oberdiek/gettitlestring.sty
Package: gettitlestring 2016/05/16 v1.5 Cleanup title references (HO)
)
\c@section@level=\count169
)
LaTeX Info: Redefining \ref on input line 31.
LaTeX Info: Redefining \pageref on input line 31.
LaTeX Info: Redefining \nameref on input line 31.

(./InterpolatingOTFR.out) (./InterpolatingOTFR.out)
\@outlinefile=\write5
\openout5 = `InterpolatingOTFR.out'.

Package caption Info: Begin \AtBeginDocument code.
Package caption Info: picinpar package is loaded.
Package caption Info: End \AtBeginDocument code.
LaTeX Font Info:    Try loading font information for U+msa on input line 31.

(/usr/local/texlive/2016/texmf-dist/tex/latex/amsfonts/umsa.fd
File: umsa.fd 2013/01/14 v3.01 AMS symbols A
)
LaTeX Font Info:    Try loading font information for U+msb on input line 31.

(/usr/local/texlive/2016/texmf-dist/tex/latex/amsfonts/umsb.fd
File: umsb.fd 2013/01/14 v3.01 AMS symbols B
)
LaTeX Font Info:    Try loading font information for U+rsfs on input line 31.

(/usr/local/texlive/2016/texmf-dist/tex/latex/jknapltx/ursfs.fd
File: ursfs.fd 1998/03/24 rsfs font definition file (jk)
)
Package xypdf Info: Line width: 0.43799pt on input line 31.
LaTeX Font Info:    Try loading font information for OMS+cmr on input line 49.

(/usr/local/texlive/2016/texmf-dist/tex/latex/base/omscmr.fd
File: omscmr.fd 2014/09/29 v2.5h Standard LaTeX font definitions
)
LaTeX Font Info:    Font shape `OMS/cmr/m/n' in size <8> not available
(Font)              Font shape `OMS/cmsy/m/n' tried instead on input line 49.
LaTeX Font Info:    Font shape `OMS/cmr/m/n' in size <6> not available
(Font)              Font shape `OMS/cmsy/m/n' tried instead on input line 49.
LaTeX Font Info:    Try loading font information for T1+cmtt on input line 49.

(/usr/local/texlive/2016/texmf-dist/tex/latex/base/t1cmtt.fd
File: t1cmtt.fd 2014/09/29 v2.5h Standard LaTeX font definitions
)
(./sections/Abstract.tex) (./sections/Introduction.tex [1

{/usr/local/texlive/2016/texmf-var/fonts/map/pdftex/updmap/pdftex.map}] [2] [3]
 [4] [5] [6]

Package hyperref Warning: Token not allowed in a PDF string (PDFDocEncoding):
(hyperref)                removing `\@ifnextchar' on input line 226.

[7] [8]) (./sections/Theory.tex [9]
LaTeX Font Info:    Font shape `OMS/cmr/m/n' in size <10.95> not available
(Font)              Font shape `OMS/cmsy/m/n' tried instead on input line 62.
 [10]
Overfull \hbox (8.1742pt too wide) in paragraph at lines 116--117
\T1/cmr/m/n/10.95 We now prove ex-is-tence of geodesics. The proof mainly uses 
the Fenchel-Rockafellar
 []


Overfull \hbox (4.91542pt too wide) in paragraph at lines 133--134
[][]\T1/cmr/bx/n/10.95 Theorem 2.1 \T1/cmr/m/n/10.95 (Strong du-al-ity and ex-i
s-tence of geodesics)\T1/cmr/bx/n/10.95 . []\T1/cmr/m/it/10.95 Let $\OT1/cmr/m/
n/10.95 (\OML/cmm/m/it/10.95 ^^Z[]; ^^Z[]\OT1/cmr/m/n/10.95 ) \OMS/cmsy/m/n/10.
95 2 M[]\OT1/cmr/m/n/10.95 (
)[]$\T1/cmr/m/it/10.95 .
 []

[11] [12] [13] [14]) (./sections/Interpolation.tex [15] [16] [17] [18] [19]
[20] [21] [22]) (./sections/Geodesics.tex [23]
Underfull \hbox (badness 10000) in paragraph at lines 49--51

 []

[24] [25] [26] [27] [28] [29]
LaTeX Font Info:    Font shape `OMS/cmr/m/it' in size <10.95> not available
(Font)              Font shape `OMS/cmsy/m/n' tried instead on input line 347.
 [30] [31]
<images/certificate_dec2.png, id=548, 650.43pt x 361.35pt>
File: images/certificate_dec2.png Graphic file (type png)

<use images/certificate_dec2.png>
Package pdftex.def Info: images/certificate_dec2.png used on input line 436.
(pdftex.def)             Requested size: 266.48735pt x 105.90465pt.
) (./sections/Numerics.tex [32] [33 <./images/certificate_dec2.png>]
Overfull \hbox (11.12416pt too wide) in paragraph at lines 73--74
 []\T1/cmr/bx/n/10.95 Discrete con-ti-nu-ity con-straint.[] \T1/cmr/m/n/10.95 T
he dis-crete con-ti-nu-ity con-straint with bound-
 []

[34] [35] <images/gaussian_p2q0.pdf, id=592, 1156.32pt x 325.215pt>
File: images/gaussian_p2q0.pdf Graphic file (type pdf)

<use images/gaussian_p2q0.pdf>
Package pdftex.def Info: images/gaussian_p2q0.pdf used on input line 210.
(pdftex.def)             Requested size: 1156.31718pt x 325.2142pt.

<images/gaussian_p2L2.pdf, id=593, 1156.32pt x 325.215pt>
File: images/gaussian_p2L2.pdf Graphic file (type pdf)

<use images/gaussian_p2L2.pdf>
Package pdftex.def Info: images/gaussian_p2L2.pdf used on input line 219.
(pdftex.def)             Requested size: 1156.31718pt x 325.2142pt.

<images/gaussian_p2q1.pdf, id=594, 1156.32pt x 325.215pt>
File: images/gaussian_p2q1.pdf Graphic file (type pdf)

<use images/gaussian_p2q1.pdf>
Package pdftex.def Info: images/gaussian_p2q1.pdf used on input line 228.
(pdftex.def)             Requested size: 1156.31718pt x 325.2142pt.

<images/gaussian_p2q1_small.pdf, id=595, 1156.32pt x 325.215pt>
File: images/gaussian_p2q1_small.pdf Graphic file (type pdf)

<use images/gaussian_p2q1_small.pdf>
Package pdftex.def Info: images/gaussian_p2q1_small.pdf used on input line 237.

(pdftex.def)             Requested size: 1156.31718pt x 325.2142pt.

<images/gaussian_p2q2.pdf, id=596, 1156.32pt x 325.215pt>
File: images/gaussian_p2q2.pdf Graphic file (type pdf)

<use images/gaussian_p2q2.pdf>
Package pdftex.def Info: images/gaussian_p2q2.pdf used on input line 246.
(pdftex.def)             Requested size: 1156.31718pt x 325.2142pt.

<images/gaussian_p2q2_small.pdf, id=597, 1156.32pt x 325.215pt>
File: images/gaussian_p2q2_small.pdf Graphic file (type pdf)

<use images/gaussian_p2q2_small.pdf>
Package pdftex.def Info: images/gaussian_p2q2_small.pdf used on input line 255.

(pdftex.def)             Requested size: 1156.31718pt x 325.2142pt.
 [36] [37 <./images/gaussian_p2q0.pdf> <./images/gaussian_p2L2.pdf

pdfTeX warning: /Library/TeX/texbin/pdflatex (file ./images/gaussian_p2L2.pdf):
 PDF inclusion: multiple pdfs with page group included in a single page
> <./images/gaussian_p2q1.pdf

pdfTeX warning: /Library/TeX/texbin/pdflatex (file ./images/gaussian_p2q1.pdf):
 PDF inclusion: multiple pdfs with page group included in a single page
> <./images/gaussian_p2q1_small.pdf

pdfTeX warning: /Library/TeX/texbin/pdflatex (file ./images/gaussian_p2q1_small
.pdf): PDF inclusion: multiple pdfs with page group included in a single page
> <./images/gaussian_p2q2.pdf

pdfTeX warning: /Library/TeX/texbin/pdflatex (file ./images/gaussian_p2q2.pdf):
 PDF inclusion: multiple pdfs with page group included in a single page
> <./images/gaussian_p2q2_small.pdf

pdfTeX warning: /Library/TeX/texbin/pdflatex (file ./images/gaussian_p2q2_small
.pdf): PDF inclusion: multiple pdfs with page group included in a single page
>] <images/circle_p2q0_r1.png, id=702, 46.2528pt x 46.2528pt>
File: images/circle_p2q0_r1.png Graphic file (type png)

<use images/circle_p2q0_r1.png>
Package pdftex.def Info: images/circle_p2q0_r1.png used on input line 343.
(pdftex.def)             Requested size: 46.25269pt x 46.25269pt.

<images/circle_p0q2_r3.png, id=703, 46.2528pt x 46.2528pt>
File: images/circle_p0q2_r3.png Graphic file (type png)

<use images/circle_p0q2_r3.png>
Package pdftex.def Info: images/circle_p0q2_r3.png used on input line 343.
(pdftex.def)             Requested size: 46.25269pt x 46.25269pt.

<images/circle_p0q2_r5.png, id=704, 46.2528pt x 46.2528pt>
File: images/circle_p0q2_r5.png Graphic file (type png)

<use images/circle_p0q2_r5.png>
Package pdftex.def Info: images/circle_p0q2_r5.png used on input line 343.
(pdftex.def)             Requested size: 46.25269pt x 46.25269pt.

<images/circle_p0q2_r7.png, id=705, 46.2528pt x 46.2528pt>
File: images/circle_p0q2_r7.png Graphic file (type png)

<use images/circle_p0q2_r7.png>
Package pdftex.def Info: images/circle_p0q2_r7.png used on input line 343.
(pdftex.def)             Requested size: 46.25269pt x 46.25269pt.

<images/circle_p0q2_r9.png, id=706, 46.2528pt x 46.2528pt>
File: images/circle_p0q2_r9.png Graphic file (type png)

<use images/circle_p0q2_r9.png>
Package pdftex.def Info: images/circle_p0q2_r9.png used on input line 343.
(pdftex.def)             Requested size: 46.25269pt x 46.25269pt.

<images/circle_p0q2_r11.png, id=707, 46.2528pt x 46.2528pt>
File: images/circle_p0q2_r11.png Graphic file (type png)

<use images/circle_p0q2_r11.png>
Package pdftex.def Info: images/circle_p0q2_r11.png used on input line 343.
(pdftex.def)             Requested size: 46.25269pt x 46.25269pt.

<images/circle_p2q0_r3.png, id=708, 46.2528pt x 46.2528pt>
File: images/circle_p2q0_r3.png Graphic file (type png)

<use images/circle_p2q0_r3.png>
Package pdftex.def Info: images/circle_p2q0_r3.png used on input line 343.
(pdftex.def)             Requested size: 46.25269pt x 46.25269pt.

<images/circle_p2q0_r5.png, id=709, 46.2528pt x 46.2528pt>
File: images/circle_p2q0_r5.png Graphic file (type png)

<use images/circle_p2q0_r5.png>
Package pdftex.def Info: images/circle_p2q0_r5.png used on input line 343.
(pdftex.def)             Requested size: 46.25269pt x 46.25269pt.

<images/circle_p2q0_r7.png, id=710, 46.2528pt x 46.2528pt>
File: images/circle_p2q0_r7.png Graphic file (type png)

<use images/circle_p2q0_r7.png>
Package pdftex.def Info: images/circle_p2q0_r7.png used on input line 343.
(pdftex.def)             Requested size: 46.25269pt x 46.25269pt.

<images/circle_p2q0_r9.png, id=711, 46.2528pt x 46.2528pt>
File: images/circle_p2q0_r9.png Graphic file (type png)

<use images/circle_p2q0_r9.png>
Package pdftex.def Info: images/circle_p2q0_r9.png used on input line 343.
(pdftex.def)             Requested size: 46.25269pt x 46.25269pt.

<images/circle_p2q0_r11.png, id=712, 46.2528pt x 46.2528pt>
File: images/circle_p2q0_r11.png Graphic file (type png)

<use images/circle_p2q0_r11.png>
Package pdftex.def Info: images/circle_p2q0_r11.png used on input line 343.
(pdftex.def)             Requested size: 46.25269pt x 46.25269pt.

<images/circle_p2q1_r3.png, id=713, 46.2528pt x 46.2528pt>
File: images/circle_p2q1_r3.png Graphic file (type png)

<use images/circle_p2q1_r3.png>
Package pdftex.def Info: images/circle_p2q1_r3.png used on input line 343.
(pdftex.def)             Requested size: 46.25269pt x 46.25269pt.

<images/circle_p2q1_r5.png, id=714, 46.2528pt x 46.2528pt>
File: images/circle_p2q1_r5.png Graphic file (type png)

<use images/circle_p2q1_r5.png>
Package pdftex.def Info: images/circle_p2q1_r5.png used on input line 343.
(pdftex.def)             Requested size: 46.25269pt x 46.25269pt.

<images/circle_p2q1_r7.png, id=715, 46.2528pt x 46.2528pt>
File: images/circle_p2q1_r7.png Graphic file (type png)

<use images/circle_p2q1_r7.png>
Package pdftex.def Info: images/circle_p2q1_r7.png used on input line 343.
(pdftex.def)             Requested size: 46.25269pt x 46.25269pt.

<images/circle_p2q1_r9.png, id=716, 46.2528pt x 46.2528pt>
File: images/circle_p2q1_r9.png Graphic file (type png)

<use images/circle_p2q1_r9.png>
Package pdftex.def Info: images/circle_p2q1_r9.png used on input line 343.
(pdftex.def)             Requested size: 46.25269pt x 46.25269pt.

<images/circle_p2q1_r11.png, id=717, 46.2528pt x 46.2528pt>
File: images/circle_p2q1_r11.png Graphic file (type png)

<use images/circle_p2q1_r11.png>
Package pdftex.def Info: images/circle_p2q1_r11.png used on input line 343.
(pdftex.def)             Requested size: 46.25269pt x 46.25269pt.

<images/circle_p2q2_r3.png, id=718, 46.2528pt x 46.2528pt>
File: images/circle_p2q2_r3.png Graphic file (type png)

<use images/circle_p2q2_r3.png>
Package pdftex.def Info: images/circle_p2q2_r3.png used on input line 343.
(pdftex.def)             Requested size: 46.25269pt x 46.25269pt.

<images/circle_p2q2_r5.png, id=719, 46.2528pt x 46.2528pt>
File: images/circle_p2q2_r5.png Graphic file (type png)

<use images/circle_p2q2_r5.png>
Package pdftex.def Info: images/circle_p2q2_r5.png used on input line 343.
(pdftex.def)             Requested size: 46.25269pt x 46.25269pt.

<images/circle_p2q2_r7.png, id=720, 46.2528pt x 46.2528pt>
File: images/circle_p2q2_r7.png Graphic file (type png)

<use images/circle_p2q2_r7.png>
Package pdftex.def Info: images/circle_p2q2_r7.png used on input line 343.
(pdftex.def)             Requested size: 46.25269pt x 46.25269pt.

<images/circle_p2q2_r9.png, id=721, 46.2528pt x 46.2528pt>
File: images/circle_p2q2_r9.png Graphic file (type png)

<use images/circle_p2q2_r9.png>
Package pdftex.def Info: images/circle_p2q2_r9.png used on input line 343.
(pdftex.def)             Requested size: 46.25269pt x 46.25269pt.

<images/circle_p2q2_r11.png, id=722, 46.2528pt x 46.2528pt>
File: images/circle_p2q2_r11.png Graphic file (type png)

<use images/circle_p2q2_r11.png>
Package pdftex.def Info: images/circle_p2q2_r11.png used on input line 343.
(pdftex.def)             Requested size: 46.25269pt x 46.25269pt.

<images/circle_p2q0_r13.png, id=723, 46.2528pt x 46.2528pt>
File: images/circle_p2q0_r13.png Graphic file (type png)

<use images/circle_p2q0_r13.png>
Package pdftex.def Info: images/circle_p2q0_r13.png used on input line 343.
(pdftex.def)             Requested size: 46.25269pt x 46.25269pt.

<images/circle_p2q0_v.pdf, id=724, 361.35pt x 361.35pt>
File: images/circle_p2q0_v.pdf Graphic file (type pdf)

<use images/circle_p2q0_v.pdf>
Package pdftex.def Info: images/circle_p2q0_v.pdf used on input line 357.
(pdftex.def)             Requested size: 247.5384pt x 247.5384pt.

<images/circle_p2q1_v.pdf, id=726, 361.35pt x 361.35pt>
File: images/circle_p2q1_v.pdf Graphic file (type pdf)

<use images/circle_p2q1_v.pdf>
Package pdftex.def Info: images/circle_p2q1_v.pdf used on input line 365.
(pdftex.def)             Requested size: 247.5384pt x 247.5384pt.

<images/circle_p2q2_v.pdf, id=728, 361.35pt x 361.35pt>
File: images/circle_p2q2_v.pdf Graphic file (type pdf)

<use images/circle_p2q2_v.pdf>
Package pdftex.def Info: images/circle_p2q2_v.pdf used on input line 373.
(pdftex.def)             Requested size: 247.5384pt x 247.5384pt.

<images/circle_p2q1_z6.png, id=730, 46.2528pt x 46.2528pt>
File: images/circle_p2q1_z6.png Graphic file (type png)

<use images/circle_p2q1_z6.png>
Package pdftex.def Info: images/circle_p2q1_z6.png used on input line 382.
(pdftex.def)             Requested size: 46.25269pt x 46.25269pt.

<images/circle_p2q2_z6.png, id=732, 46.2528pt x 46.2528pt>
File: images/circle_p2q2_z6.png Graphic file (type png)

<use images/circle_p2q2_z6.png>
Package pdftex.def Info: images/circle_p2q2_z6.png used on input line 390.
(pdftex.def)             Requested size: 46.25269pt x 46.25269pt.

<images/linevar/linevar_p2q0_r1.png, id=734, 31.7988pt x 31.7988pt>
File: images/linevar/linevar_p2q0_r1.png Graphic file (type png)

<use images/linevar/linevar_p2q0_r1.png>
Package pdftex.def Info: images/linevar/linevar_p2q0_r1.png used on input line 
449.
(pdftex.def)             Requested size: 31.7987pt x 31.7987pt.

<images/linevar/linevar_p2q0_r3.png, id=735, 31.7988pt x 31.7988pt>
File: images/linevar/linevar_p2q0_r3.png Graphic file (type png)

<use images/linevar/linevar_p2q0_r3.png>
Package pdftex.def Info: images/linevar/linevar_p2q0_r3.png used on input line 
449.
(pdftex.def)             Requested size: 31.7987pt x 31.7987pt.

<images/linevar/linevar_p2q0_r5.png, id=736, 31.7988pt x 31.7988pt>
File: images/linevar/linevar_p2q0_r5.png Graphic file (type png)

<use images/linevar/linevar_p2q0_r5.png>
Package pdftex.def Info: images/linevar/linevar_p2q0_r5.png used on input line 
449.
(pdftex.def)             Requested size: 31.7987pt x 31.7987pt.

<images/linevar/linevar_p2q0_r7.png, id=737, 31.7988pt x 31.7988pt>
File: images/linevar/linevar_p2q0_r7.png Graphic file (type png)

<use images/linevar/linevar_p2q0_r7.png>
Package pdftex.def Info: images/linevar/linevar_p2q0_r7.png used on input line 
449.
(pdftex.def)             Requested size: 31.7987pt x 31.7987pt.

<images/linevar/linevar_p2q0_r9.png, id=738, 31.7988pt x 31.7988pt>
File: images/linevar/linevar_p2q0_r9.png Graphic file (type png)

<use images/linevar/linevar_p2q0_r9.png>
Package pdftex.def Info: images/linevar/linevar_p2q0_r9.png used on input line 
449.
(pdftex.def)             Requested size: 31.7987pt x 31.7987pt.

<images/linevar/linevar_p2q0_r11.png, id=739, 31.7988pt x 31.7988pt>
File: images/linevar/linevar_p2q0_r11.png Graphic file (type png)

<use images/linevar/linevar_p2q0_r11.png>
Package pdftex.def Info: images/linevar/linevar_p2q0_r11.png used on input line
 449.
(pdftex.def)             Requested size: 31.7987pt x 31.7987pt.

<images/linevar/linevar_p2q1_r3.png, id=740, 31.7988pt x 31.7988pt>
File: images/linevar/linevar_p2q1_r3.png Graphic file (type png)

<use images/linevar/linevar_p2q1_r3.png>
Package pdftex.def Info: images/linevar/linevar_p2q1_r3.png used on input line 
449.
(pdftex.def)             Requested size: 31.7987pt x 31.7987pt.

<images/linevar/linevar_p2q1_r5.png, id=741, 31.7988pt x 31.7988pt>
File: images/linevar/linevar_p2q1_r5.png Graphic file (type png)

<use images/linevar/linevar_p2q1_r5.png>
Package pdftex.def Info: images/linevar/linevar_p2q1_r5.png used on input line 
449.
(pdftex.def)             Requested size: 31.7987pt x 31.7987pt.

<images/linevar/linevar_p2q1_r7.png, id=742, 31.7988pt x 31.7988pt>
File: images/linevar/linevar_p2q1_r7.png Graphic file (type png)

<use images/linevar/linevar_p2q1_r7.png>
Package pdftex.def Info: images/linevar/linevar_p2q1_r7.png used on input line 
449.
(pdftex.def)             Requested size: 31.7987pt x 31.7987pt.

<images/linevar/linevar_p2q1_r9.png, id=743, 31.7988pt x 31.7988pt>
File: images/linevar/linevar_p2q1_r9.png Graphic file (type png)

<use images/linevar/linevar_p2q1_r9.png>
Package pdftex.def Info: images/linevar/linevar_p2q1_r9.png used on input line 
449.
(pdftex.def)             Requested size: 31.7987pt x 31.7987pt.

<images/linevar/linevar_p2q1_r11.png, id=744, 31.7988pt x 31.7988pt>
File: images/linevar/linevar_p2q1_r11.png Graphic file (type png)

<use images/linevar/linevar_p2q1_r11.png>
Package pdftex.def Info: images/linevar/linevar_p2q1_r11.png used on input line
 449.
(pdftex.def)             Requested size: 31.7987pt x 31.7987pt.

<images/linevar/linevar_p2q2_r3.png, id=745, 31.7988pt x 31.7988pt>
File: images/linevar/linevar_p2q2_r3.png Graphic file (type png)

<use images/linevar/linevar_p2q2_r3.png>
Package pdftex.def Info: images/linevar/linevar_p2q2_r3.png used on input line 
449.
(pdftex.def)             Requested size: 31.7987pt x 31.7987pt.

<images/linevar/linevar_p2q2_r5.png, id=746, 31.7988pt x 31.7988pt>
File: images/linevar/linevar_p2q2_r5.png Graphic file (type png)

<use images/linevar/linevar_p2q2_r5.png>
Package pdftex.def Info: images/linevar/linevar_p2q2_r5.png used on input line 
449.
(pdftex.def)             Requested size: 31.7987pt x 31.7987pt.

<images/linevar/linevar_p2q2_r7.png, id=747, 31.7988pt x 31.7988pt>
File: images/linevar/linevar_p2q2_r7.png Graphic file (type png)

<use images/linevar/linevar_p2q2_r7.png>
Package pdftex.def Info: images/linevar/linevar_p2q2_r7.png used on input line 
449.
(pdftex.def)             Requested size: 31.7987pt x 31.7987pt.

<images/linevar/linevar_p2q2_r9.png, id=748, 31.7988pt x 31.7988pt>
File: images/linevar/linevar_p2q2_r9.png Graphic file (type png)

<use images/linevar/linevar_p2q2_r9.png>
Package pdftex.def Info: images/linevar/linevar_p2q2_r9.png used on input line 
449.
(pdftex.def)             Requested size: 31.7987pt x 31.7987pt.

<images/linevar/linevar_p2q2_r11.png, id=749, 31.7988pt x 31.7988pt>
File: images/linevar/linevar_p2q2_r11.png Graphic file (type png)

<use images/linevar/linevar_p2q2_r11.png>
Package pdftex.def Info: images/linevar/linevar_p2q2_r11.png used on input line
 449.
(pdftex.def)             Requested size: 31.7987pt x 31.7987pt.

<images/linevar/linevar_p2q2_r13.png, id=750, 31.7988pt x 31.7988pt>
File: images/linevar/linevar_p2q2_r13.png Graphic file (type png)

<use images/linevar/linevar_p2q2_r13.png>
Package pdftex.def Info: images/linevar/linevar_p2q2_r13.png used on input line
 449.
(pdftex.def)             Requested size: 31.7987pt x 31.7987pt.

<images/brain_p2q2_r1.png, id=751, 52.7571pt x 64.3203pt>
File: images/brain_p2q2_r1.png Graphic file (type png)

<use images/brain_p2q2_r1.png>
Package pdftex.def Info: images/brain_p2q2_r1.png used on input line 504.
(pdftex.def)             Requested size: 52.75696pt x 64.32013pt.

<images/brain_p2q2_r3.png, id=752, 52.7571pt x 64.3203pt>
File: images/brain_p2q2_r3.png Graphic file (type png)

<use images/brain_p2q2_r3.png>
Package pdftex.def Info: images/brain_p2q2_r3.png used on input line 504.
(pdftex.def)             Requested size: 52.75696pt x 64.32013pt.

<images/brain_p2q2_r5.png, id=753, 52.7571pt x 64.3203pt>
File: images/brain_p2q2_r5.png Graphic file (type png)

<use images/brain_p2q2_r5.png>
Package pdftex.def Info: images/brain_p2q2_r5.png used on input line 504.
(pdftex.def)             Requested size: 52.75696pt x 64.32013pt.

<images/brain_p2q2_r7.png, id=754, 52.7571pt x 64.3203pt>
File: images/brain_p2q2_r7.png Graphic file (type png)

<use images/brain_p2q2_r7.png>
Package pdftex.def Info: images/brain_p2q2_r7.png used on input line 504.
(pdftex.def)             Requested size: 52.75696pt x 64.32013pt.

<images/brain_p2q2_r8.png, id=755, 52.7571pt x 64.3203pt>
File: images/brain_p2q2_r8.png Graphic file (type png)

<use images/brain_p2q2_r8.png>
Package pdftex.def Info: images/brain_p2q2_r8.png used on input line 504.
(pdftex.def)             Requested size: 52.75696pt x 64.32013pt.

<images/brain_p2q2_r10.png, id=756, 52.7571pt x 64.3203pt>
File: images/brain_p2q2_r10.png Graphic file (type png)

<use images/brain_p2q2_r10.png>
Package pdftex.def Info: images/brain_p2q2_r10.png used on input line 504.
(pdftex.def)             Requested size: 52.75696pt x 64.32013pt.

<images/brain_p2q0_r3.png, id=757, 52.7571pt x 64.3203pt>
File: images/brain_p2q0_r3.png Graphic file (type png)

<use images/brain_p2q0_r3.png>
Package pdftex.def Info: images/brain_p2q0_r3.png used on input line 504.
(pdftex.def)             Requested size: 52.75696pt x 64.32013pt.

<images/brain_p2q0_r5.png, id=758, 52.7571pt x 64.3203pt>
File: images/brain_p2q0_r5.png Graphic file (type png)

<use images/brain_p2q0_r5.png>
Package pdftex.def Info: images/brain_p2q0_r5.png used on input line 504.
(pdftex.def)             Requested size: 52.75696pt x 64.32013pt.

<images/brain_p2q0_r7.png, id=759, 52.7571pt x 64.3203pt>
File: images/brain_p2q0_r7.png Graphic file (type png)

<use images/brain_p2q0_r7.png>
Package pdftex.def Info: images/brain_p2q0_r7.png used on input line 504.
(pdftex.def)             Requested size: 52.75696pt x 64.32013pt.

<images/brain_p2q0_r9.png, id=760, 52.7571pt x 64.3203pt>
File: images/brain_p2q0_r9.png Graphic file (type png)

<use images/brain_p2q0_r9.png>
Package pdftex.def Info: images/brain_p2q0_r9.png used on input line 504.
(pdftex.def)             Requested size: 52.75696pt x 64.32013pt.

<images/brain_p2q0_r11.png, id=761, 52.7571pt x 64.3203pt>
File: images/brain_p2q0_r11.png Graphic file (type png)

<use images/brain_p2q0_r11.png>
Package pdftex.def Info: images/brain_p2q0_r11.png used on input line 504.
(pdftex.def)             Requested size: 52.75696pt x 64.32013pt.

<images/brain_p2q0_r13.png, id=762, 52.7571pt x 64.3203pt>
File: images/brain_p2q0_r13.png Graphic file (type png)

<use images/brain_p2q0_r13.png>
Package pdftex.def Info: images/brain_p2q0_r13.png used on input line 504.
(pdftex.def)             Requested size: 52.75696pt x 64.32013pt.

<images/brain_p2q0_v_s3.pdf, id=763, 361.35pt x 361.35pt>
File: images/brain_p2q0_v_s3.pdf Graphic file (type pdf)

<use images/brain_p2q0_v_s3.pdf>
Package pdftex.def Info: images/brain_p2q0_v_s3.pdf used on input line 517.
(pdftex.def)             Requested size: 247.5384pt x 304.44377pt.

<images/brain_p2q2_v.pdf, id=765, 361.35pt x 361.35pt>
File: images/brain_p2q2_v.pdf Graphic file (type pdf)

<use images/brain_p2q2_v.pdf>
Package pdftex.def Info: images/brain_p2q2_v.pdf used on input line 526.
(pdftex.def)             Requested size: 247.5384pt x 304.44377pt.

<images/brain_p2q2_z.png, id=767, 52.7571pt x 64.3203pt>
File: images/brain_p2q2_z.png Graphic file (type png)

<use images/brain_p2q2_z.png>
Package pdftex.def Info: images/brain_p2q2_z.png used on input line 535.
(pdftex.def)             Requested size: 52.75696pt x 64.32013pt.
 [38 <./images/circle_p2q0_r1.png> <./images/circle_p0q2_r3.png> <./images/circ
le_p0q2_r5.png> <./images/circle_p0q2_r7.png> <./images/circle_p0q2_r9.png> <./
images/circle_p0q2_r11.png> <./images/circle_p2q0_r3.png> <./images/circle_p2q0
_r5.png> <./images/circle_p2q0_r7.png> <./images/circle_p2q0_r9.png> <./images/
circle_p2q0_r11.png> <./images/circle_p2q1_r3.png> <./images/circle_p2q1_r5.png
> <./images/circle_p2q1_r7.png> <./images/circle_p2q1_r9.png> <./images/circle_
p2q1_r11.png> <./images/circle_p2q2_r3.png> <./images/circle_p2q2_r5.png> <./im
ages/circle_p2q2_r7.png> <./images/circle_p2q2_r9.png> <./images/circle_p2q2_r1
1.png> <./images/circle_p2q0_r13.png>])
(./sections/Conclusion.tex [39 <./images/circle_p2q0_v.pdf> <./images/circle_p2
q1_v.pdf> <./images/circle_p2q2_v.pdf> <./images/circle_p2q1_z6.png> <./images/
circle_p2q2_z6.png>] [40 <./images/linevar/linevar_p2q0_r1.png> <./images/linev
ar/linevar_p2q0_r3.png> <./images/linevar/linevar_p2q0_r5.png> <./images/lineva
r/linevar_p2q0_r7.png> <./images/linevar/linevar_p2q0_r9.png> <./images/linevar
/linevar_p2q0_r11.png> <./images/linevar/linevar_p2q1_r3.png> <./images/linevar
/linevar_p2q1_r5.png> <./images/linevar/linevar_p2q1_r7.png> <./images/linevar/
linevar_p2q1_r9.png> <./images/linevar/linevar_p2q1_r11.png> <./images/linevar/
linevar_p2q2_r3.png> <./images/linevar/linevar_p2q2_r5.png> <./images/linevar/l
inevar_p2q2_r7.png> <./images/linevar/linevar_p2q2_r9.png> <./images/linevar/li
nevar_p2q2_r11.png> <./images/linevar/linevar_p2q2_r13.png> <./images/brain_p2q
2_r1.png> <./images/brain_p2q2_r3.png> <./images/brain_p2q2_r5.png> <./images/b
rain_p2q2_r7.png> <./images/brain_p2q2_r8.png> <./images/brain_p2q2_r10.png> <.
/images/brain_p2q0_r3.png> <./images/brain_p2q0_r5.png> <./images/brain_p2q0_r7
.png> <./images/brain_p2q0_r9.png> <./images/brain_p2q0_r11.png> <./images/brai
n_p2q0_r13.png>]) (./InterpolatingOTFR.bbl [41 <./images/brain_p2q0_v_s3.pdf> <
./images/brain_p2q2_v.pdf> <./images/brain_p2q2_z.png>] [42]) [43]
Package atveryend Info: Empty hook `BeforeClearDocument' on input line 66.
Package atveryend Info: Empty hook `AfterLastShipout' on input line 66.

(./InterpolatingOTFR.aux)
Package atveryend Info: Executing hook `AtVeryEndDocument' on input line 66.
Package atveryend Info: Executing hook `AtEndAfterFileList' on input line 66.
Package rerunfilecheck Info: File `InterpolatingOTFR.out' has not changed.
(rerunfilecheck)             Checksum: 84260ACD3B6D1BA907EE27997B145747;1660.
Package atveryend Info: Empty hook `AtVeryVeryEnd' on input line 66.
 ) 
Here is how much of TeX's memory you used:
 21995 strings out of 493014
 388395 string characters out of 6133351
 521313 words of memory out of 5000000
 24780 multiletter control sequences out of 15000+600000
 40400 words of font info for 123 fonts, out of 8000000 for 9000
 1141 hyphenation exceptions out of 8191
 62i,19n,57p,3260b,785s stack positions out of 5000i,500n,10000p,200000b,80000s
{/usr/local/texlive/2016/texmf-dist/fonts/enc/dvips/cm-super/cm-super-t1.enc}
</usr/local/texlive/2016/texmf-dist/fonts/type1/public/amsfonts/cm/cmex10.pfb><
/usr/local/texlive/2016/texmf-dist/fonts/type1/public/amsfonts/cm/cmmi10.pfb></
usr/local/texlive/2016/texmf-dist/fonts/type1/public/amsfonts/cm/cmmi6.pfb></us
r/local/texlive/2016/texmf-dist/fonts/type1/public/amsfonts/cm/cmmi7.pfb></usr/
local/texlive/2016/texmf-dist/fonts/type1/public/amsfonts/cm/cmmi8.pfb></usr/lo
cal/texlive/2016/texmf-dist/fonts/type1/public/amsfonts/cm/cmr10.pfb></usr/loca
l/texlive/2016/texmf-dist/fonts/type1/public/amsfonts/cm/cmr6.pfb></usr/local/t
exlive/2016/texmf-dist/fonts/type1/public/amsfonts/cm/cmr7.pfb></usr/local/texl
ive/2016/texmf-dist/fonts/type1/public/amsfonts/cm/cmr8.pfb></usr/local/texlive
/2016/texmf-dist/fonts/type1/public/amsfonts/cm/cmsy10.pfb></usr/local/texlive/
2016/texmf-dist/fonts/type1/public/amsfonts/cm/cmsy6.pfb></usr/local/texlive/20
16/texmf-dist/fonts/type1/public/amsfonts/cm/cmsy8.pfb></usr/local/texlive/2016
/texmf-dist/fonts/type1/public/amsfonts/symbols/msam10.pfb></usr/local/texlive/
2016/texmf-dist/fonts/type1/public/amsfonts/symbols/msbm10.pfb></usr/local/texl
ive/2016/texmf-dist/fonts/type1/public/rsfs/rsfs10.pfb></usr/local/texlive/2016
/texmf-dist/fonts/type1/public/cm-super/sfbi1095.pfb></usr/local/texlive/2016/t
exmf-dist/fonts/type1/public/cm-super/sfbx1000.pfb></usr/local/texlive/2016/tex
mf-dist/fonts/type1/public/cm-super/sfbx1095.pfb></usr/local/texlive/2016/texmf
-dist/fonts/type1/public/cm-super/sfbx1200.pfb></usr/local/texlive/2016/texmf-d
ist/fonts/type1/public/cm-super/sfbx1440.pfb></usr/local/texlive/2016/texmf-dis
t/fonts/type1/public/cm-super/sfrm0600.pfb></usr/local/texlive/2016/texmf-dist/
fonts/type1/public/cm-super/sfrm0800.pfb></usr/local/texlive/2016/texmf-dist/fo
nts/type1/public/cm-super/sfrm0900.pfb></usr/local/texlive/2016/texmf-dist/font
s/type1/public/cm-super/sfrm1000.pfb></usr/local/texlive/2016/texmf-dist/fonts/
type1/public/cm-super/sfrm1095.pfb></usr/local/texlive/2016/texmf-dist/fonts/ty
pe1/public/cm-super/sfrm1200.pfb></usr/local/texlive/2016/texmf-dist/fonts/type
1/public/cm-super/sfrm1728.pfb></usr/local/texlive/2016/texmf-dist/fonts/type1/
public/cm-super/sfti0900.pfb></usr/local/texlive/2016/texmf-dist/fonts/type1/pu
blic/cm-super/sfti1095.pfb></usr/local/texlive/2016/texmf-dist/fonts/type1/publ
ic/cm-super/sftt0900.pfb>
Output written on InterpolatingOTFR.pdf (43 pages, 2034656 bytes).
PDF statistics:
 1028 PDF objects out of 1200 (max. 8388607)
 773 compressed objects within 8 object streams
 212 named destinations out of 1000 (max. 500000)
 567 words of extra memory for PDF output out of 10000 (max. 10000000)

